<?xml version="1.0" encoding="UTF-8"?>
<!-- Generated by org.testng.reporters.JUnitXMLReporter -->
<testsuite hostname="LAPTOP-8B5VFCJA" ignored="0" name="Test" tests="9" failures="3" timestamp="06 Oct 2021 09:58:58 GMT" time="49.492" errors="0">
  <testcase name="verifyFlashMovieDemoLinkTest" time="0.943" classname="com.Guru99.qa.testcases.HomePageTest"/>
  <testcase name="verifyHomePageTitleTest" time="0.005" classname="com.Guru99.qa.testcases.HomePageTest"/>
  <testcase name="verifyLoginButtonTest" time="1.974" classname="com.Guru99.qa.testcases.HomePageTest">
    <failure type="org.openqa.selenium.UnhandledAlertException" message="unexpected alert open: {Alert text : User or Password is not valid}
  (Session info: chrome=94.0.4606.71): User or Password is not valid
Build info: version: &amp;apos;3.141.59&amp;apos;, revision: &amp;apos;e82be7d358&amp;apos;, time: &amp;apos;2018-11-14T08:17:03&amp;apos;
System info: host: &amp;apos;LAPTOP-8B5VFCJA&amp;apos;, ip: &amp;apos;192.168.0.103&amp;apos;, os.name: &amp;apos;Windows 10&amp;apos;, os.arch: &amp;apos;amd64&amp;apos;, os.version: &amp;apos;10.0&amp;apos;, java.version: &amp;apos;1.8.0_271&amp;apos;
Driver info: org.openqa.selenium.chrome.ChromeDriver
Capabilities {acceptInsecureCerts: false, browserName: chrome, browserVersion: 94.0.4606.71, chrome: {chromedriverVersion: 94.0.4606.61 (418b78f5838ed..., userDataDir: C:\Users\sunny\AppData\Loca...}, goog:chromeOptions: {debuggerAddress: localhost:53016}, javascriptEnabled: true, networkConnectionEnabled: false, pageLoadStrategy: normal, platform: WINDOWS, platformName: WINDOWS, proxy: Proxy(), setWindowRect: true, strictFileInteractability: false, timeouts: {implicit: 0, pageLoad: 300000, script: 30000}, unhandledPromptBehavior: dismiss and notify, webauthn:extension:credBlob: true, webauthn:extension:largeBlob: true, webauthn:virtualAuthenticators: true}
Session ID: 6438f4e8bdee7b0994d059926ac8edb3">
      <![CDATA[org.openqa.selenium.UnhandledAlertException: unexpected alert open: {Alert text : User or Password is not valid}
  (Session info: chrome=94.0.4606.71): User or Password is not valid
Build info: version: '3.141.59', revision: 'e82be7d358', time: '2018-11-14T08:17:03'
System info: host: 'LAPTOP-8B5VFCJA', ip: '192.168.0.103', os.name: 'Windows 10', os.arch: 'amd64', os.version: '10.0', java.version: '1.8.0_271'
Driver info: org.openqa.selenium.chrome.ChromeDriver
Capabilities {acceptInsecureCerts: false, browserName: chrome, browserVersion: 94.0.4606.71, chrome: {chromedriverVersion: 94.0.4606.61 (418b78f5838ed..., userDataDir: C:\Users\sunny\AppData\Loca...}, goog:chromeOptions: {debuggerAddress: localhost:53016}, javascriptEnabled: true, networkConnectionEnabled: false, pageLoadStrategy: normal, platform: WINDOWS, platformName: WINDOWS, proxy: Proxy(), setWindowRect: true, strictFileInteractability: false, timeouts: {implicit: 0, pageLoad: 300000, script: 30000}, unhandledPromptBehavior: dismiss and notify, webauthn:extension:credBlob: true, webauthn:extension:largeBlob: true, webauthn:virtualAuthenticators: true}
Session ID: 6438f4e8bdee7b0994d059926ac8edb3
	at org.openqa.selenium.remote.http.W3CHttpResponseCodec.decode(W3CHttpResponseCodec.java:120)
	at org.openqa.selenium.remote.http.W3CHttpResponseCodec.decode(W3CHttpResponseCodec.java:49)
	at org.openqa.selenium.remote.HttpCommandExecutor.execute(HttpCommandExecutor.java:158)
	at org.openqa.selenium.remote.service.DriverCommandExecutor.execute(DriverCommandExecutor.java:83)
	at org.openqa.selenium.remote.RemoteWebDriver.execute(RemoteWebDriver.java:552)
	at org.openqa.selenium.remote.RemoteWebDriver.execute(RemoteWebDriver.java:609)
	at org.openqa.selenium.remote.RemoteWebDriver.getTitle(RemoteWebDriver.java:281)
	at org.openqa.selenium.support.events.EventFiringWebDriver.lambda$new$1(EventFiringWebDriver.java:105)
	at com.sun.proxy.$Proxy14.getTitle(Unknown Source)
	at org.openqa.selenium.support.events.EventFiringWebDriver.getTitle(EventFiringWebDriver.java:176)
	at com.Guru99.qa.pages.HomePage.validateLoginButton(HomePage.java:73)
	at com.Guru99.qa.testcases.HomePageTest.verifyLoginButtonTest(HomePageTest.java:64)
	at java.util.concurrent.FutureTask.run(Unknown Source)
	at java.util.concurrent.ThreadPoolExecutor.runWorker(Unknown Source)
	at java.util.concurrent.ThreadPoolExecutor$Worker.run(Unknown Source)
	at java.lang.Thread.run(Unknown Source)
... Removed 20 stack frames]]>
    </failure>
  </testcase> <!-- verifyLoginButtonTest -->
  <testcase name="verifyLogoTest" time="2.941" classname="com.Guru99.qa.testcases.HomePageTest"/>
  <testcase name="verifyPageNameTest" time="0.06" classname="com.Guru99.qa.testcases.HomePageTest"/>
  <testcase name="verifyRadioDemoLinkTest" time="1.301" classname="com.Guru99.qa.testcases.HomePageTest">
    <failure type="java.lang.AssertionError" message="expected [Radio Button &amp;amp; Check Bx Demo] but found [Radio Button &amp;amp; Check Box Demo]">
      <![CDATA[java.lang.AssertionError: expected [Radio Button & Check Bx Demo] but found [Radio Button & Check Box Demo]
	at com.Guru99.qa.testcases.HomePageTest.verifyRadioDemoLinkTest(HomePageTest.java:59)
	at java.util.concurrent.FutureTask.run(Unknown Source)
	at java.util.concurrent.ThreadPoolExecutor.runWorker(Unknown Source)
	at java.util.concurrent.ThreadPoolExecutor$Worker.run(Unknown Source)
	at java.lang.Thread.run(Unknown Source)
... Removed 22 stack frames]]>
    </failure>
  </testcase> <!-- verifyRadioDemoLinkTest -->
  <testcase name="verifyResetButtonTest" time="0.282" classname="com.Guru99.qa.testcases.HomePageTest"/>
  <testcase name="verifySeleniumLinkTest" time="0.141" classname="com.Guru99.qa.testcases.HomePageTest"/>
  <testcase name="verifySignupLinkTest" time="1.986" classname="com.Guru99.qa.testcases.HomePageTest">
    <failure type="java.lang.AssertionError" message="expected [Guru99 Bank Hme Page] but found [Guru99 Bank Home Page]">
      <![CDATA[java.lang.AssertionError: expected [Guru99 Bank Hme Page] but found [Guru99 Bank Home Page]
	at com.Guru99.qa.testcases.HomePageTest.verifySignupLinkTest(HomePageTest.java:70)
	at java.util.concurrent.FutureTask.run(Unknown Source)
	at java.util.concurrent.ThreadPoolExecutor.runWorker(Unknown Source)
	at java.util.concurrent.ThreadPoolExecutor$Worker.run(Unknown Source)
	at java.lang.Thread.run(Unknown Source)
... Removed 22 stack frames]]>
    </failure>
  </testcase> <!-- verifySignupLinkTest -->
</testsuite> <!-- Test -->
