<?xml version="1.0" encoding="UTF-8"?>
<!-- Generated by org.testng.reporters.JUnitXMLReporter -->
<testsuite hostname="LAPTOP-8B5VFCJA" ignored="7" name="Default test(failed)(failed)" tests="2" failures="2" timestamp="13 Aug 2021 07:12:33 GMT" time="5.742" errors="0">
  <testcase name="verifyLoginButtonTest" time="0.0" classname="com.Guru99.qa.testcases.HomePageTest">
    <failure type="org.testng.TestNGException" message="
Parameter &amp;apos;username&amp;apos; is required by @Test on method verifyLoginButtonTest but has not been marked @Optional or defined
in E:\Java_Selenium\Guru99\test-output\testng-failed.xml">
      <![CDATA[org.testng.TestNGException: 
Parameter 'username' is required by @Test on method verifyLoginButtonTest but has not been marked @Optional or defined
in E:\Java_Selenium\Guru99\test-output\testng-failed.xml
... Removed 23 stack frames]]>
    </failure>
  </testcase> <!-- verifyLoginButtonTest -->
  <testcase name="verifyResetButtonTest" time="0.484" classname="com.Guru99.qa.testcases.HomePageTest">
    <failure type="java.lang.AssertionError" message="The following asserts failed:
	expected [ asfs] but found []">
      <![CDATA[java.lang.AssertionError: The following asserts failed:
	expected [ asfs] but found []
	at com.Guru99.qa.testcases.HomePageTest.verifyResetButtonTest(HomePageTest.java:78)
... Removed 26 stack frames]]>
    </failure>
  </testcase> <!-- verifyResetButtonTest -->
  <testcase name="verifyLogoTest" time="0.0" classname="com.Guru99.qa.testcases.HomePageTest">
    <ignored/>
  </testcase> <!-- verifyLogoTest -->
  <testcase name="verifyRadioDemoLinkTest" time="0.0" classname="com.Guru99.qa.testcases.HomePageTest">
    <ignored/>
  </testcase> <!-- verifyRadioDemoLinkTest -->
  <testcase name="verifySeleniumLinkTest" time="0.0" classname="com.Guru99.qa.testcases.HomePageTest">
    <ignored/>
  </testcase> <!-- verifySeleniumLinkTest -->
  <testcase name="verifyFlashMovieDemoLinkTest" time="0.0" classname="com.Guru99.qa.testcases.HomePageTest">
    <ignored/>
  </testcase> <!-- verifyFlashMovieDemoLinkTest -->
  <testcase name="verifySignupLinkTest" time="0.0" classname="com.Guru99.qa.testcases.HomePageTest">
    <ignored/>
  </testcase> <!-- verifySignupLinkTest -->
  <testcase name="verifyHomePageTitleTest" time="0.0" classname="com.Guru99.qa.testcases.HomePageTest">
    <ignored/>
  </testcase> <!-- verifyHomePageTitleTest -->
  <testcase name="verifyPageNameTest" time="0.0" classname="com.Guru99.qa.testcases.HomePageTest">
    <ignored/>
  </testcase> <!-- verifyPageNameTest -->
</testsuite> <!-- Default test(failed)(failed) -->
